<?xml version="1.0" encoding="UTF-8"?>
<testng-results skipped="0" failed="0" ignored="0" total="2" passed="2">
  <reporter-output>
  </reporter-output>
  <suite name="Suite" duration-ms="9921" started-at="2018-07-23T13:09:12Z" finished-at="2018-07-23T13:09:22Z">
    <groups>
    </groups>
    <test name="Home Page Tests" duration-ms="9921" started-at="2018-07-23T13:09:12Z" finished-at="2018-07-23T13:09:22Z">
      <class name="smoketests.ATagsTest">
        <test-method status="PASS" signature="setUp()[pri:0, instance:smoketests.ATagsTest@1563da5]" name="setUp" is-config="true" duration-ms="5052" started-at="2018-07-23T13:09:12Z" finished-at="2018-07-23T13:09:17Z">
          <reporter-output>
          </reporter-output>
        </test-method> <!-- setUp -->
        <test-method status="PASS" signature="loginElementsPresentTest()[pri:0, instance:smoketests.ATagsTest@1563da5]" name="loginElementsPresentTest" duration-ms="136" started-at="2018-07-23T13:09:17Z" finished-at="2018-07-23T13:09:17Z">
          <reporter-output>
          </reporter-output>
        </test-method> <!-- loginElementsPresentTest -->
        <test-method status="PASS" signature="tearDown()[pri:0, instance:smoketests.ATagsTest@1563da5]" name="tearDown" is-config="true" duration-ms="140" started-at="2018-07-23T13:09:17Z" finished-at="2018-07-23T13:09:17Z">
          <reporter-output>
          </reporter-output>
        </test-method> <!-- tearDown -->
      </class> <!-- smoketests.ATagsTest -->
      <class name="smoketests.LoginPresentTestNG">
        <test-method status="PASS" signature="setUp()[pri:0, instance:smoketests.LoginPresentTestNG@2bbf4b8b]" name="setUp" is-config="true" duration-ms="2168" started-at="2018-07-23T13:09:17Z" finished-at="2018-07-23T13:09:19Z">
          <reporter-output>
          </reporter-output>
        </test-method> <!-- setUp -->
        <test-method status="PASS" signature="loginElementsPresentTest()[pri:0, instance:smoketests.LoginPresentTestNG@2bbf4b8b]" name="loginElementsPresentTest" duration-ms="2261" started-at="2018-07-23T13:09:19Z" finished-at="2018-07-23T13:09:22Z">
          <reporter-output>
          </reporter-output>
        </test-method> <!-- loginElementsPresentTest -->
        <test-method status="PASS" signature="tearDown()[pri:0, instance:smoketests.LoginPresentTestNG@2bbf4b8b]" name="tearDown" is-config="true" duration-ms="143" started-at="2018-07-23T13:09:22Z" finished-at="2018-07-23T13:09:22Z">
          <reporter-output>
          </reporter-output>
        </test-method> <!-- tearDown -->
      </class> <!-- smoketests.LoginPresentTestNG -->
    </test> <!-- Home Page Tests -->
  </suite> <!-- Suite -->
</testng-results>
